<?xml version="1.0" encoding="UTF-8"?>
<!-- Generated by org.testng.reporters.JUnitReportReporter -->
<testsuite hostname="mounika" failures="0" tests="1" name="TEST_NG_TY.PassTheDataFromCommandPrompt" time="0.007" errors="0" timestamp="2024-03-28T16:34:24 IST" skipped="0">
  <testcase classname="TEST_NG_TY.PassTheDataFromCommandPrompt" name="method1" time="0.007"/>
  <system-out/>
</testsuite> <!-- TEST_NG_TY.PassTheDataFromCommandPrompt -->
