<?xml version="1.0" encoding="UTF-8"?>
<!-- Generated by org.testng.reporters.JUnitReportReporter -->
<testsuite hostname="mounika" failures="0" tests="2" name="TEST_NG_TY.classEx" time="0.008" errors="0" timestamp="2024-03-28T15:01:37 IST" skipped="0">
  <testcase classname="TEST_NG_TY.classEx" name="method2" time="0.001"/>
  <system-out/>
  <testcase classname="TEST_NG_TY.classEx" name="method1" time="0.007"/>
  <system-out/>
</testsuite> <!-- TEST_NG_TY.classEx -->
